[debug] [2022-06-10T06:58:03.843Z] ----------------------------------------------------------------------
[debug] [2022-06-10T06:58:03.845Z] Command:       C:\Program Files\nodejs\node.exe C:\Users\monta\AppData\Roaming\npm\node_modules\firebase-tools\lib\bin\firebase.js init
[debug] [2022-06-10T06:58:03.845Z] CLI Version:   10.7.2
[debug] [2022-06-10T06:58:03.845Z] Platform:      win32
[debug] [2022-06-10T06:58:03.845Z] Node Version:  v16.15.0
[debug] [2022-06-10T06:58:03.846Z] Time:          Fri Jun 10 2022 12:58:03 GMT+0600 (Bangladesh Standard Time)
[debug] [2022-06-10T06:58:03.846Z] ----------------------------------------------------------------------
[debug] 
[debug] [2022-06-10T06:58:03.914Z] > command requires scopes: ["email","openid","https://www.googleapis.com/auth/cloudplatformprojects.readonly","https://www.googleapis.com/auth/firebase","https://www.googleapis.com/auth/cloud-platform"]
[debug] [2022-06-10T06:58:03.915Z] > authorizing via signed-in user (montasimmamun@gmail.com)
[info] 
     ######## #### ########  ######## ########     ###     ######  ########
     ##        ##  ##     ## ##       ##     ##  ##   ##  ##       ##
     ######    ##  ########  ######   ########  #########  ######  ######
     ##        ##  ##    ##  ##       ##     ## ##     ##       ## ##
     ##       #### ##     ## ######## ########  ##     ##  ######  ########

You're about to initialize a Firebase project in this directory:

  C:\PROJECTS\montasim-dev

Before we get started, keep in mind:

  * You are currently outside your home directory
  * You are initializing within an existing Firebase project directory

[info] 
=== Project Setup
[info] 
[info] First, let's associate this project directory with a Firebase project.
[info] You can create multiple project aliases by running firebase use --add, 
[info] but for now we'll just set up a default project.
[info] 
[debug] [2022-06-10T06:58:09.751Z] Using project from CLI flag: montasim-dev
[debug] [2022-06-10T06:58:09.752Z] > refreshing access token with scopes: []
[debug] [2022-06-10T06:58:09.753Z] >>> HTTP REQUEST POST https://www.googleapis.com/oauth2/v3/token  
 <request body omitted>
[debug] [2022-06-10T06:58:10.159Z] <<< HTTP RESPONSE 400 {"date":"Fri, 10 Jun 2022 06:57:44 GMT","cache-control":"no-cache, no-store, max-age=0, must-revalidate","expires":"Mon, 01 Jan 1990 00:00:00 GMT","pragma":"no-cache","content-type":"application/json; charset=utf-8","vary":"X-Origin, Referer, Origin,Accept-Encoding","server":"scaffolding on HTTPServer2","x-xss-protection":"0","x-frame-options":"SAMEORIGIN","x-content-type-options":"nosniff","alt-svc":"h3=\":443\"; ma=2592000,h3-29=\":443\"; ma=2592000,h3-Q050=\":443\"; ma=2592000,h3-Q046=\":443\"; ma=2592000,h3-Q043=\":443\"; ma=2592000,quic=\":443\"; ma=2592000; v=\"46,43\"","accept-ranges":"none","transfer-encoding":"chunked"}
[debug] [2022-06-10T06:58:10.161Z] >>> [apiv2][query] GET https://firebase.googleapis.com/v1beta1/projects/montasim-dev [none]
[debug] [2022-06-10T06:58:10.582Z] <<< [apiv2][status] GET https://firebase.googleapis.com/v1beta1/projects/montasim-dev 401
[debug] [2022-06-10T06:58:10.583Z] <<< [apiv2][body] GET https://firebase.googleapis.com/v1beta1/projects/montasim-dev {"error":{"code":401,"message":"Request had invalid authentication credentials. Expected OAuth 2 access token, login cookie or other valid authentication credential. See https://developers.google.com/identity/sign-in/web/devconsole-project.","status":"UNAUTHENTICATED"}}
[debug] [2022-06-10T06:58:10.583Z] HTTP Error: 401, Request had invalid authentication credentials. Expected OAuth 2 access token, login cookie or other valid authentication credential. See https://developers.google.com/identity/sign-in/web/devconsole-project.
[debug] [2022-06-10T06:58:10.584Z] FirebaseError: HTTP Error: 401, Request had invalid authentication credentials. Expected OAuth 2 access token, login cookie or other valid authentication credential. See https://developers.google.com/identity/sign-in/web/devconsole-project.
    at module.exports (C:\Users\monta\AppData\Roaming\npm\node_modules\firebase-tools\lib\responseToError.js:47:12)
    at RetryOperation._fn (C:\Users\monta\AppData\Roaming\npm\node_modules\firebase-tools\lib\apiv2.js:286:39)
    at processTicksAndRejections (node:internal/process/task_queues:96:5)
[error] 
[error] Error: Failed to get Firebase project montasim-dev. Please make sure the project exists and your account has permission to access it.
[debug] [2022-06-10T07:00:11.463Z] ----------------------------------------------------------------------
[debug] [2022-06-10T07:00:11.465Z] Command:       C:\Program Files\nodejs\node.exe C:\Users\monta\AppData\Roaming\npm\node_modules\firebase-tools\lib\bin\firebase.js init
[debug] [2022-06-10T07:00:11.465Z] CLI Version:   10.7.2
[debug] [2022-06-10T07:00:11.466Z] Platform:      win32
[debug] [2022-06-10T07:00:11.466Z] Node Version:  v16.15.0
[debug] [2022-06-10T07:00:11.467Z] Time:          Fri Jun 10 2022 13:00:11 GMT+0600 (Bangladesh Standard Time)
[debug] [2022-06-10T07:00:11.467Z] ----------------------------------------------------------------------
[debug] 
[debug] [2022-06-10T07:00:11.534Z] > command requires scopes: ["email","openid","https://www.googleapis.com/auth/cloudplatformprojects.readonly","https://www.googleapis.com/auth/firebase","https://www.googleapis.com/auth/cloud-platform"]
[debug] [2022-06-10T07:00:11.534Z] > authorizing via signed-in user (montasimmamun@gmail.com)
[info] 
     ######## #### ########  ######## ########     ###     ######  ########
     ##        ##  ##     ## ##       ##     ##  ##   ##  ##       ##
     ######    ##  ########  ######   ########  #########  ######  ######
     ##        ##  ##    ##  ##       ##     ## ##     ##       ## ##
     ##       #### ##     ## ######## ########  ##     ##  ######  ########

You're about to initialize a Firebase project in this directory:

  C:\PROJECTS\montasim-dev

Before we get started, keep in mind:

  * You are currently outside your home directory
  * You are initializing within an existing Firebase project directory

[info] 
=== Project Setup
[info] 
[info] First, let's associate this project directory with a Firebase project.
[info] You can create multiple project aliases by running firebase use --add, 
[info] but for now we'll just set up a default project.
[info] 
[debug] [2022-06-10T07:00:17.371Z] Using project from CLI flag: montasim-dev
[debug] [2022-06-10T07:00:17.372Z] > refreshing access token with scopes: []
[debug] [2022-06-10T07:00:17.373Z] >>> HTTP REQUEST POST https://www.googleapis.com/oauth2/v3/token  
 <request body omitted>
[debug] [2022-06-10T07:00:17.755Z] <<< HTTP RESPONSE 400 {"pragma":"no-cache","date":"Fri, 10 Jun 2022 06:59:52 GMT","expires":"Mon, 01 Jan 1990 00:00:00 GMT","cache-control":"no-cache, no-store, max-age=0, must-revalidate","content-type":"application/json; charset=utf-8","vary":"X-Origin, Referer, Origin,Accept-Encoding","server":"scaffolding on HTTPServer2","x-xss-protection":"0","x-frame-options":"SAMEORIGIN","x-content-type-options":"nosniff","alt-svc":"h3=\":443\"; ma=2592000,h3-29=\":443\"; ma=2592000,h3-Q050=\":443\"; ma=2592000,h3-Q046=\":443\"; ma=2592000,h3-Q043=\":443\"; ma=2592000,quic=\":443\"; ma=2592000; v=\"46,43\"","accept-ranges":"none","transfer-encoding":"chunked"}
[debug] [2022-06-10T07:00:17.757Z] >>> [apiv2][query] GET https://firebase.googleapis.com/v1beta1/projects/montasim-dev [none]
[debug] [2022-06-10T07:00:18.316Z] <<< [apiv2][status] GET https://firebase.googleapis.com/v1beta1/projects/montasim-dev 401
[debug] [2022-06-10T07:00:18.316Z] <<< [apiv2][body] GET https://firebase.googleapis.com/v1beta1/projects/montasim-dev {"error":{"code":401,"message":"Request had invalid authentication credentials. Expected OAuth 2 access token, login cookie or other valid authentication credential. See https://developers.google.com/identity/sign-in/web/devconsole-project.","status":"UNAUTHENTICATED"}}
[debug] [2022-06-10T07:00:18.317Z] HTTP Error: 401, Request had invalid authentication credentials. Expected OAuth 2 access token, login cookie or other valid authentication credential. See https://developers.google.com/identity/sign-in/web/devconsole-project.
[debug] [2022-06-10T07:00:18.318Z] FirebaseError: HTTP Error: 401, Request had invalid authentication credentials. Expected OAuth 2 access token, login cookie or other valid authentication credential. See https://developers.google.com/identity/sign-in/web/devconsole-project.
    at module.exports (C:\Users\monta\AppData\Roaming\npm\node_modules\firebase-tools\lib\responseToError.js:47:12)
    at RetryOperation._fn (C:\Users\monta\AppData\Roaming\npm\node_modules\firebase-tools\lib\apiv2.js:286:39)
    at processTicksAndRejections (node:internal/process/task_queues:96:5)
[error] 
[error] Error: Failed to get Firebase project montasim-dev. Please make sure the project exists and your account has permission to access it.
